<?xml version="1.0" encoding="UTF-8"?>
<testsuite xmlns:xsi="http://www.w3.org/2001/XMLSchema-instance" xsi:noNamespaceSchemaLocation="https://maven.apache.org/surefire/maven-surefire-plugin/xsd/surefire-test-report-3.0.xsd" version="3.0" name="TestSuite" time="10.408" tests="2" errors="0" skipped="0" failures="0">
  <properties>
    <property name="sun.desktop" value="windows"/>
    <property name="awt.toolkit" value="sun.awt.windows.WToolkit"/>
    <property name="java.specification.version" value="11"/>
    <property name="sun.cpu.isalist" value="amd64"/>
    <property name="sun.jnu.encoding" value="Cp1252"/>
    <property name="java.class.path" value="C:\Users\krishnas5\IdeaProjects\relayr\RelayrTest\target\test-classes;C:\Users\krishnas5\IdeaProjects\relayr\RelayrTest\target\classes;C:\Users\krishnas5\.m2\repository\com\aventstack\extentreports\4.0.6\extentreports-4.0.6.jar;C:\Users\krishnas5\.m2\repository\org\freemarker\freemarker\2.3.23\freemarker-2.3.23.jar;C:\Users\krishnas5\.m2\repository\org\mongodb\mongodb-driver\3.3.0\mongodb-driver-3.3.0.jar;C:\Users\krishnas5\.m2\repository\org\mongodb\mongodb-driver-core\3.3.0\mongodb-driver-core-3.3.0.jar;C:\Users\krishnas5\.m2\repository\org\mongodb\bson\3.3.0\bson-3.3.0.jar;C:\Users\krishnas5\.m2\repository\org\apache\httpcomponents\httpclient\4.5.2\httpclient-4.5.2.jar;C:\Users\krishnas5\.m2\repository\org\apache\httpcomponents\httpcore\4.4.4\httpcore-4.4.4.jar;C:\Users\krishnas5\.m2\repository\commons-logging\commons-logging\1.2\commons-logging-1.2.jar;C:\Users\krishnas5\.m2\repository\commons-codec\commons-codec\1.9\commons-codec-1.9.jar;C:\Users\krishnas5\.m2\repository\org\apache\httpcomponents\httpmime\4.5.2\httpmime-4.5.2.jar;C:\Users\krishnas5\.m2\repository\com\google\code\gson\gson\2.8.5\gson-2.8.5.jar;C:\Users\krishnas5\.m2\repository\org\testng\testng\7.4.0\testng-7.4.0.jar;C:\Users\krishnas5\.m2\repository\com\beust\jcommander\1.78\jcommander-1.78.jar;C:\Users\krishnas5\.m2\repository\org\webjars\jquery\3.5.1\jquery-3.5.1.jar;C:\Users\krishnas5\.m2\repository\io\rest-assured\rest-assured\4.0.0\rest-assured-4.0.0.jar;C:\Users\krishnas5\.m2\repository\org\codehaus\groovy\groovy\2.5.6\groovy-2.5.6.jar;C:\Users\krishnas5\.m2\repository\org\codehaus\groovy\groovy-xml\2.5.6\groovy-xml-2.5.6.jar;C:\Users\krishnas5\.m2\repository\org\hamcrest\hamcrest-core\2.1\hamcrest-core-2.1.jar;C:\Users\krishnas5\.m2\repository\org\hamcrest\hamcrest\2.1\hamcrest-2.1.jar;C:\Users\krishnas5\.m2\repository\org\hamcrest\hamcrest-library\2.1\hamcrest-library-2.1.jar;C:\Users\krishnas5\.m2\repository\org\ccil\cowan\tagsoup\tagsoup\1.2.1\tagsoup-1.2.1.jar;C:\Users\krishnas5\.m2\repository\io\rest-assured\json-path\4.0.0\json-path-4.0.0.jar;C:\Users\krishnas5\.m2\repository\org\codehaus\groovy\groovy-json\2.5.6\groovy-json-2.5.6.jar;C:\Users\krishnas5\.m2\repository\io\rest-assured\rest-assured-common\4.0.0\rest-assured-common-4.0.0.jar;C:\Users\krishnas5\.m2\repository\io\rest-assured\xml-path\4.0.0\xml-path-4.0.0.jar;C:\Users\krishnas5\.m2\repository\org\apache\commons\commons-lang3\3.4\commons-lang3-3.4.jar;C:\Users\krishnas5\.m2\repository\javax\xml\bind\jaxb-api\2.2.12\jaxb-api-2.2.12.jar;C:\Users\krishnas5\.m2\repository\com\sun\xml\bind\jaxb-osgi\2.2.10\jaxb-osgi-2.2.10.jar;C:\Users\krishnas5\.m2\repository\org\apache\sling\org.apache.sling.javax.activation\0.1.0\org.apache.sling.javax.activation-0.1.0.jar;C:\Users\krishnas5\.m2\repository\javax\activation\activation\1.1.1\activation-1.1.1.jar;C:\Users\krishnas5\.m2\repository\junit\junit\4.11\junit-4.11.jar;"/>
    <property name="java.vm.vendor" value="Oracle Corporation"/>
    <property name="sun.arch.data.model" value="64"/>
    <property name="user.variant" value=""/>
    <property name="java.vendor.url" value="http://java.oracle.com/"/>
    <property name="user.timezone" value="Asia/Calcutta"/>
    <property name="java.vm.specification.version" value="11"/>
    <property name="os.name" value="Windows 10"/>
    <property name="sun.java.launcher" value="SUN_STANDARD"/>
    <property name="user.country" value="US"/>
    <property name="sun.boot.library.path" value="C:\Program Files\Java\jdk-11\bin"/>
    <property name="sun.java.command" value="C:\Users\krishnas5\AppData\Local\Temp\surefire13516744993975386245\surefirebooter13326574011603565485.jar C:\Users\krishnas5\AppData\Local\Temp\surefire13516744993975386245 2021-07-18T01-15-39_583-jvmRun1 surefire14483916591542164378tmp surefire_07287260034595727744tmp"/>
    <property name="jdk.debug" value="release"/>
    <property name="surefire.test.class.path" value="C:\Users\krishnas5\IdeaProjects\relayr\RelayrTest\target\test-classes;C:\Users\krishnas5\IdeaProjects\relayr\RelayrTest\target\classes;C:\Users\krishnas5\.m2\repository\com\aventstack\extentreports\4.0.6\extentreports-4.0.6.jar;C:\Users\krishnas5\.m2\repository\org\freemarker\freemarker\2.3.23\freemarker-2.3.23.jar;C:\Users\krishnas5\.m2\repository\org\mongodb\mongodb-driver\3.3.0\mongodb-driver-3.3.0.jar;C:\Users\krishnas5\.m2\repository\org\mongodb\mongodb-driver-core\3.3.0\mongodb-driver-core-3.3.0.jar;C:\Users\krishnas5\.m2\repository\org\mongodb\bson\3.3.0\bson-3.3.0.jar;C:\Users\krishnas5\.m2\repository\org\apache\httpcomponents\httpclient\4.5.2\httpclient-4.5.2.jar;C:\Users\krishnas5\.m2\repository\org\apache\httpcomponents\httpcore\4.4.4\httpcore-4.4.4.jar;C:\Users\krishnas5\.m2\repository\commons-logging\commons-logging\1.2\commons-logging-1.2.jar;C:\Users\krishnas5\.m2\repository\commons-codec\commons-codec\1.9\commons-codec-1.9.jar;C:\Users\krishnas5\.m2\repository\org\apache\httpcomponents\httpmime\4.5.2\httpmime-4.5.2.jar;C:\Users\krishnas5\.m2\repository\com\google\code\gson\gson\2.8.5\gson-2.8.5.jar;C:\Users\krishnas5\.m2\repository\org\testng\testng\7.4.0\testng-7.4.0.jar;C:\Users\krishnas5\.m2\repository\com\beust\jcommander\1.78\jcommander-1.78.jar;C:\Users\krishnas5\.m2\repository\org\webjars\jquery\3.5.1\jquery-3.5.1.jar;C:\Users\krishnas5\.m2\repository\io\rest-assured\rest-assured\4.0.0\rest-assured-4.0.0.jar;C:\Users\krishnas5\.m2\repository\org\codehaus\groovy\groovy\2.5.6\groovy-2.5.6.jar;C:\Users\krishnas5\.m2\repository\org\codehaus\groovy\groovy-xml\2.5.6\groovy-xml-2.5.6.jar;C:\Users\krishnas5\.m2\repository\org\hamcrest\hamcrest-core\2.1\hamcrest-core-2.1.jar;C:\Users\krishnas5\.m2\repository\org\hamcrest\hamcrest\2.1\hamcrest-2.1.jar;C:\Users\krishnas5\.m2\repository\org\hamcrest\hamcrest-library\2.1\hamcrest-library-2.1.jar;C:\Users\krishnas5\.m2\repository\org\ccil\cowan\tagsoup\tagsoup\1.2.1\tagsoup-1.2.1.jar;C:\Users\krishnas5\.m2\repository\io\rest-assured\json-path\4.0.0\json-path-4.0.0.jar;C:\Users\krishnas5\.m2\repository\org\codehaus\groovy\groovy-json\2.5.6\groovy-json-2.5.6.jar;C:\Users\krishnas5\.m2\repository\io\rest-assured\rest-assured-common\4.0.0\rest-assured-common-4.0.0.jar;C:\Users\krishnas5\.m2\repository\io\rest-assured\xml-path\4.0.0\xml-path-4.0.0.jar;C:\Users\krishnas5\.m2\repository\org\apache\commons\commons-lang3\3.4\commons-lang3-3.4.jar;C:\Users\krishnas5\.m2\repository\javax\xml\bind\jaxb-api\2.2.12\jaxb-api-2.2.12.jar;C:\Users\krishnas5\.m2\repository\com\sun\xml\bind\jaxb-osgi\2.2.10\jaxb-osgi-2.2.10.jar;C:\Users\krishnas5\.m2\repository\org\apache\sling\org.apache.sling.javax.activation\0.1.0\org.apache.sling.javax.activation-0.1.0.jar;C:\Users\krishnas5\.m2\repository\javax\activation\activation\1.1.1\activation-1.1.1.jar;C:\Users\krishnas5\.m2\repository\junit\junit\4.11\junit-4.11.jar;"/>
    <property name="sun.cpu.endian" value="little"/>
    <property name="user.home" value="C:\Users\krishnas5"/>
    <property name="user.language" value="en"/>
    <property name="java.specification.vendor" value="Oracle Corporation"/>
    <property name="java.version.date" value="2018-09-25"/>
    <property name="java.home" value="C:\Program Files\Java\jdk-11"/>
    <property name="file.separator" value="\"/>
    <property name="basedir" value="C:\Users\krishnas5\IdeaProjects\relayr\RelayrTest"/>
    <property name="java.vm.compressedOopsMode" value="32-bit"/>
    <property name="line.separator" value="&#10;"/>
    <property name="java.specification.name" value="Java Platform API Specification"/>
    <property name="java.vm.specification.vendor" value="Oracle Corporation"/>
    <property name="java.awt.graphicsenv" value="sun.awt.Win32GraphicsEnvironment"/>
    <property name="surefire.real.class.path" value="C:\Users\krishnas5\AppData\Local\Temp\surefire13516744993975386245\surefirebooter13326574011603565485.jar"/>
    <property name="user.script" value=""/>
    <property name="sun.management.compiler" value="HotSpot 64-Bit Tiered Compilers"/>
    <property name="java.runtime.version" value="11+28"/>
    <property name="user.name" value="krishnas5"/>
    <property name="path.separator" value=";"/>
    <property name="os.version" value="10.0"/>
    <property name="java.runtime.name" value="OpenJDK Runtime Environment"/>
    <property name="file.encoding" value="Cp1252"/>
    <property name="java.vm.name" value="OpenJDK 64-Bit Server VM"/>
    <property name="java.vendor.version" value="18.9"/>
    <property name="localRepository" value="C:\Users\krishnas5\.m2\repository"/>
    <property name="java.vendor.url.bug" value="http://bugreport.java.com/bugreport/"/>
    <property name="java.io.tmpdir" value="C:\Users\KRISHN~1\AppData\Local\Temp\"/>
    <property name="java.version" value="11"/>
    <property name="user.dir" value="C:\Users\krishnas5\IdeaProjects\relayr\RelayrTest"/>
    <property name="os.arch" value="amd64"/>
    <property name="java.vm.specification.name" value="Java Virtual Machine Specification"/>
    <property name="java.awt.printerjob" value="sun.awt.windows.WPrinterJob"/>
    <property name="sun.os.patch.level" value=""/>
    <property name="java.library.path" value="C:\Program Files\Java\jdk-11\bin;C:\WINDOWS\Sun\Java\bin;C:\WINDOWS\system32;C:\WINDOWS;C:\WINDOWS\system32;C:\WINDOWS;C:\WINDOWS\System32\Wbem;C:\Program Files (x86)\Intel\iCLS Client\;C:\Program Files\Intel\iCLS Client\;C:\WINDOWS\system32;C:\WINDOWS;C:\WINDOWS\System32\Wbem;C:\WINDOWS\System32\WindowsPowerShell\v1.0\;C:\Program Files (x86)\Intel\Intel(R) Management Engine Components\DAL;C:\Program Files\Intel\Intel(R) Management Engine Components\DAL;C:\Program Files (x86)\Intel\Intel(R) Management Engine Components\IPT;C:\Program Files\Intel\Intel(R) Management Engine Components\IPT;C:\Users\krishnas5\AppData\Local\Microsoft\WindowsApps;C:\Program Files (x86)\Microsoft SQL Server\Client SDK\ODBC\130\Tools\Binn\;C:\Program Files (x86)\Microsoft SQL Server\140\Tools\Binn\;C:\Program Files (x86)\Microsoft SQL Server\140\DTS\Binn\;C:\Program Files (x86)\Microsoft SQL Server\140\Tools\Binn\ManagementStudio\;%TFSPowerToolDir%;C:\ProgramData\chocolatey\bin;C:\Program Files\Microsoft VS Code\bin;C:\WINDOWS\System32\WindowsPowerShell\v1.0\;C:\WINDOWS\System32\OpenSSH\;C:\Program Files\NuGet;C:\Program Files\Git\cmd;C:\Users\krishnas5\protobuf\bin;C:\Program Files\apache-maven-3.5.4\bin;C:\Program Files\PuTTY\;C:\Program Files\Azure Data Studio\bin;C:\Program Files\Docker\Docker\resources\bin;C:\ProgramData\DockerDesktop\version-bin;C:\Program Files\Java\jdk-11\bin;C:\Users\krishnas5\AppData\Local\Microsoft\WindowsApps;C:\Program Files\Microsoft VS Code\bin;C:\tools\cmder;C:\Users\krishnas5\AppData\Local\GitHubDesktop\bin;C:\Program Files\JetBrains\IntelliJ IDEA Community Edition 2019.1.3\bin;;C:\Users\krishnas5\.dotnet\tools;C:\Program Files\Azure Data Studio\bin;C:\Users\krishnas5\AppData\Local\Microsoft\WindowsApps;C:\Program Files\JetBrains\IntelliJ IDEA Community Edition 2021.1.2\bin;;."/>
    <property name="java.vendor" value="Oracle Corporation"/>
    <property name="java.vm.info" value="mixed mode"/>
    <property name="java.vm.version" value="11+28"/>
    <property name="sun.io.unicode.encoding" value="UnicodeLittle"/>
    <property name="java.class.version" value="55.0"/>
  </properties>
  <testcase name="tc01_validateJSONFormat" classname="org.relayrApiTests.TestBoredAPI" time="4.032"/>
  <testcase name="tc02_validateParticipantCountResults" classname="org.relayrApiTests.TestBoredAPI" time="4.733"/>
</testsuite>