<?xml version="1.0" encoding="UTF-8"?>
<!-- Generated by org.testng.reporters.JUnitReportReporter -->
<testsuite hostname="USHYDKRISHNAS6" failures="0" tests="2" name="org.relayrApiTests.TestBoredAPI" time="9.890" errors="0" timestamp="2021-07-18T00:49:31 IST" skipped="0">
  <testcase classname="org.relayrApiTests.TestBoredAPI" name="tc02_validateParticipantCountResults" time="4.374"/>
  <system-out/>
  <testcase classname="org.relayrApiTests.TestBoredAPI" name="tc01_validateJSONFormat" time="5.516"/>
  <system-out/>
</testsuite> <!-- org.relayrApiTests.TestBoredAPI -->
